2020-07-22 11:22:52.206 [http-nio-8764-exec-1] DEBUG org.apache.ibatis.logging.jdbc.BaseJdbcLogger.debug - ==>  Preparing: select * from system_manager WHERE login_name = ? order by id desc limit ?, ?
2020-07-22 11:22:52.211 [http-nio-8764-exec-1] DEBUG org.apache.ibatis.logging.jdbc.BaseJdbcLogger.debug - ==> Parameters: admin1(String), 0(Integer), 1(Integer)
2020-07-22 11:22:52.306 [http-nio-8764-exec-1] DEBUG org.apache.ibatis.logging.jdbc.BaseJdbcLogger.debug - <==      Total: 1
2020-07-22 11:22:52.416 [http-nio-8764-exec-3] DEBUG org.apache.ibatis.logging.jdbc.BaseJdbcLogger.debug - ==>  Preparing: select * from manager_role_rel WHERE manager_id = ? order by id desc
2020-07-22 11:22:52.419 [http-nio-8764-exec-3] DEBUG org.apache.ibatis.logging.jdbc.BaseJdbcLogger.debug - ==> Parameters: 2(Integer)
2020-07-22 11:22:52.480 [http-nio-8764-exec-3] DEBUG org.apache.ibatis.logging.jdbc.BaseJdbcLogger.debug - <==      Total: 1
2020-07-22 11:22:55.687 [http-nio-8764-exec-2] DEBUG org.apache.ibatis.logging.jdbc.BaseJdbcLogger.debug - ==>  Preparing: select * from system_manager WHERE login_name = ? order by id desc limit ?, ?
2020-07-22 11:22:55.689 [http-nio-8764-exec-2] DEBUG org.apache.ibatis.logging.jdbc.BaseJdbcLogger.debug - ==> Parameters: admin11(String), 0(Integer), 1(Integer)
2020-07-22 11:22:55.691 [http-nio-8764-exec-2] DEBUG org.apache.ibatis.logging.jdbc.BaseJdbcLogger.debug - <==      Total: 0
2020-07-22 11:24:19.038 [http-nio-8764-exec-5] DEBUG org.apache.ibatis.logging.jdbc.BaseJdbcLogger.debug - ==>  Preparing: select * from system_manager WHERE login_name = ? order by id desc limit ?, ?
2020-07-22 11:24:19.039 [http-nio-8764-exec-5] DEBUG org.apache.ibatis.logging.jdbc.BaseJdbcLogger.debug - ==> Parameters: admin11(String), 0(Integer), 1(Integer)
2020-07-22 11:24:19.040 [http-nio-8764-exec-5] DEBUG org.apache.ibatis.logging.jdbc.BaseJdbcLogger.debug - <==      Total: 0
2020-07-22 17:01:43.382 [http-nio-8764-exec-1] DEBUG org.apache.ibatis.logging.jdbc.BaseJdbcLogger.debug - ==>  Preparing: select * from system_manager WHERE login_name = ? order by id desc limit ?, ?
2020-07-22 17:01:43.557 [http-nio-8764-exec-1] DEBUG org.apache.ibatis.logging.jdbc.BaseJdbcLogger.debug - ==> Parameters: admin1(String), 0(Integer), 1(Integer)
2020-07-22 17:01:43.864 [http-nio-8764-exec-1] DEBUG org.apache.ibatis.logging.jdbc.BaseJdbcLogger.debug - <==      Total: 1
2020-07-22 17:01:44.668 [http-nio-8764-exec-9] DEBUG org.apache.ibatis.logging.jdbc.BaseJdbcLogger.debug - ==>  Preparing: select * from manager_role_rel WHERE manager_id = ? order by id desc
2020-07-22 17:01:44.671 [http-nio-8764-exec-9] DEBUG org.apache.ibatis.logging.jdbc.BaseJdbcLogger.debug - ==> Parameters: 2(Integer)
2020-07-22 17:01:44.879 [http-nio-8764-exec-9] DEBUG org.apache.ibatis.logging.jdbc.BaseJdbcLogger.debug - <==      Total: 1
2020-07-22 17:02:07.416 [http-nio-8764-exec-10] DEBUG org.apache.ibatis.logging.jdbc.BaseJdbcLogger.debug - ==>  Preparing: select * from system_menu order by id desc
2020-07-22 17:02:07.444 [http-nio-8764-exec-10] DEBUG org.apache.ibatis.logging.jdbc.BaseJdbcLogger.debug - ==> Parameters: 
2020-07-22 17:02:07.857 [http-nio-8764-exec-10] DEBUG org.apache.ibatis.logging.jdbc.BaseJdbcLogger.debug - <==      Total: 60
2020-07-22 17:02:14.950 [http-nio-8764-exec-7] DEBUG org.apache.ibatis.logging.jdbc.BaseJdbcLogger.debug - ==>  Preparing: select * from system_menu order by id desc
2020-07-22 17:02:14.951 [http-nio-8764-exec-7] DEBUG org.apache.ibatis.logging.jdbc.BaseJdbcLogger.debug - ==> Parameters: 
2020-07-22 17:02:14.960 [http-nio-8764-exec-7] DEBUG org.apache.ibatis.logging.jdbc.BaseJdbcLogger.debug - <==      Total: 60
2020-07-22 17:02:28.672 [http-nio-8764-exec-4] DEBUG org.apache.ibatis.logging.jdbc.BaseJdbcLogger.debug - ==>  Preparing: select * from system_menu order by id desc
2020-07-22 17:02:28.673 [http-nio-8764-exec-4] DEBUG org.apache.ibatis.logging.jdbc.BaseJdbcLogger.debug - ==> Parameters: 
2020-07-22 17:02:28.679 [http-nio-8764-exec-4] DEBUG org.apache.ibatis.logging.jdbc.BaseJdbcLogger.debug - <==      Total: 60
