2020-07-22 16:55:50.339 logback [main] INFO  o.s.c.c.c.ConfigServicePropertySourceLocator - Fetching config from server at : http://192.168.79.1:8762/
2020-07-22 16:55:50.686 logback [main] INFO  o.s.c.c.c.ConfigServicePropertySourceLocator - Located environment: name=spring-config, profiles=[dev], label=master, version=null, state=null
2020-07-22 16:55:50.687 logback [main] INFO  o.s.c.b.c.PropertySourceBootstrapConfiguration - Located property source: [BootstrapPropertySource {name='bootstrapProperties-classpath:/spring-config-dev.yml'}]
2020-07-22 16:55:50.692 logback [main] INFO  com.zdxj.CmsCoreApplication - No active profile set, falling back to default profiles: default
2020-07-22 16:55:52.525 logback [main] INFO  o.s.d.r.c.RepositoryConfigurationDelegate - Multiple Spring Data modules found, entering strict repository configuration mode!
2020-07-22 16:55:52.527 logback [main] INFO  o.s.d.r.c.RepositoryConfigurationDelegate - Bootstrapping Spring Data JDBC repositories in DEFAULT mode.
2020-07-22 16:55:52.565 logback [main] INFO  o.s.d.r.c.RepositoryConfigurationDelegate - Finished Spring Data repository scanning in 33ms. Found 0 JDBC repository interfaces.
2020-07-22 16:55:52.587 logback [main] INFO  o.s.d.r.c.RepositoryConfigurationDelegate - Multiple Spring Data modules found, entering strict repository configuration mode!
2020-07-22 16:55:52.589 logback [main] INFO  o.s.d.r.c.RepositoryConfigurationDelegate - Bootstrapping Spring Data Redis repositories in DEFAULT mode.
2020-07-22 16:55:52.625 logback [main] INFO  o.s.d.r.c.RepositoryConfigurationDelegate - Finished Spring Data repository scanning in 18ms. Found 0 Redis repository interfaces.
2020-07-22 16:55:52.967 logback [main] INFO  o.s.cloud.context.scope.GenericScope - BeanFactory id=2a41655e-500d-35e2-a51b-8e20e5747e5c
2020-07-22 16:55:53.159 logback [main] INFO  o.s.c.s.PostProcessorRegistrationDelegate$BeanPostProcessorChecker - Bean 'com.zdxj.feignclient.AdFeignClient' of type [org.springframework.cloud.openfeign.FeignClientFactoryBean] is not eligible for getting processed by all BeanPostProcessors (for example: not eligible for auto-proxying)
2020-07-22 16:55:53.160 logback [main] INFO  o.s.c.s.PostProcessorRegistrationDelegate$BeanPostProcessorChecker - Bean 'com.zdxj.feignclient.ImageCategoryFeignClient' of type [org.springframework.cloud.openfeign.FeignClientFactoryBean] is not eligible for getting processed by all BeanPostProcessors (for example: not eligible for auto-proxying)
2020-07-22 16:55:53.160 logback [main] INFO  o.s.c.s.PostProcessorRegistrationDelegate$BeanPostProcessorChecker - Bean 'com.zdxj.feignclient.ImageCommentFeignClient' of type [org.springframework.cloud.openfeign.FeignClientFactoryBean] is not eligible for getting processed by all BeanPostProcessors (for example: not eligible for auto-proxying)
2020-07-22 16:55:53.161 logback [main] INFO  o.s.c.s.PostProcessorRegistrationDelegate$BeanPostProcessorChecker - Bean 'com.zdxj.feignclient.ImageFeignClient' of type [org.springframework.cloud.openfeign.FeignClientFactoryBean] is not eligible for getting processed by all BeanPostProcessors (for example: not eligible for auto-proxying)
2020-07-22 16:55:53.162 logback [main] INFO  o.s.c.s.PostProcessorRegistrationDelegate$BeanPostProcessorChecker - Bean 'com.zdxj.feignclient.MemberFeignClient' of type [org.springframework.cloud.openfeign.FeignClientFactoryBean] is not eligible for getting processed by all BeanPostProcessors (for example: not eligible for auto-proxying)
2020-07-22 16:55:53.164 logback [main] INFO  o.s.c.s.PostProcessorRegistrationDelegate$BeanPostProcessorChecker - Bean 'com.zdxj.feignclient.MemberLevelFeignClient' of type [org.springframework.cloud.openfeign.FeignClientFactoryBean] is not eligible for getting processed by all BeanPostProcessors (for example: not eligible for auto-proxying)
2020-07-22 16:55:53.418 logback [main] INFO  o.s.c.s.PostProcessorRegistrationDelegate$BeanPostProcessorChecker - Bean 'spring.redis-org.springframework.boot.autoconfigure.data.redis.RedisProperties' of type [org.springframework.boot.autoconfigure.data.redis.RedisProperties] is not eligible for getting processed by all BeanPostProcessors (for example: not eligible for auto-proxying)
2020-07-22 16:55:53.421 logback [main] INFO  o.s.c.s.PostProcessorRegistrationDelegate$BeanPostProcessorChecker - Bean 'org.springframework.boot.autoconfigure.data.redis.LettuceConnectionConfiguration' of type [org.springframework.boot.autoconfigure.data.redis.LettuceConnectionConfiguration] is not eligible for getting processed by all BeanPostProcessors (for example: not eligible for auto-proxying)
2020-07-22 16:55:53.545 logback [main] INFO  o.s.c.s.PostProcessorRegistrationDelegate$BeanPostProcessorChecker - Bean 'lettuceClientResources' of type [io.lettuce.core.resource.DefaultClientResources] is not eligible for getting processed by all BeanPostProcessors (for example: not eligible for auto-proxying)
2020-07-22 16:55:53.660 logback [main] INFO  o.s.c.s.PostProcessorRegistrationDelegate$BeanPostProcessorChecker - Bean 'redisConnectionFactory' of type [org.springframework.data.redis.connection.lettuce.LettuceConnectionFactory] is not eligible for getting processed by all BeanPostProcessors (for example: not eligible for auto-proxying)
2020-07-22 16:55:53.667 logback [main] INFO  o.s.c.s.PostProcessorRegistrationDelegate$BeanPostProcessorChecker - Bean 'redisConfig' of type [com.zdxj.config.RedisConfig$$EnhancerBySpringCGLIB$$382664fb] is not eligible for getting processed by all BeanPostProcessors (for example: not eligible for auto-proxying)
2020-07-22 16:55:54.039 logback [main] INFO  o.s.b.w.e.tomcat.TomcatWebServer - Tomcat initialized with port(s): 8765 (http)
2020-07-22 16:55:54.055 logback [main] INFO  o.a.coyote.http11.Http11NioProtocol - Initializing ProtocolHandler ["http-nio-8765"]
2020-07-22 16:55:54.055 logback [main] INFO  o.a.catalina.core.StandardService - Starting service [Tomcat]
2020-07-22 16:55:54.055 logback [main] INFO  o.a.catalina.core.StandardEngine - Starting Servlet engine: [Apache Tomcat/9.0.36]
2020-07-22 16:55:54.232 logback [main] INFO  o.a.c.c.C.[Tomcat].[localhost].[/] - Initializing Spring embedded WebApplicationContext
2020-07-22 16:55:54.233 logback [main] INFO  o.s.b.w.s.c.ServletWebServerApplicationContext - Root WebApplicationContext: initialization completed in 3523 ms
2020-07-22 16:55:54.857 logback [main] INFO  com.zdxj.config.RedisConfig - 初始化 -> [CacheManager RedisCacheManager Start]
2020-07-22 16:55:54.872 logback [main] INFO  com.zdxj.config.RedisConfig - 初始化 -> [Redis CacheErrorHandler]
2020-07-22 16:55:54.899 logback [main] WARN  c.n.c.sources.URLConfigurationSource - No URLs will be polled as dynamic configuration sources.
2020-07-22 16:55:54.899 logback [main] INFO  c.n.c.sources.URLConfigurationSource - To enable URLs as dynamic configuration sources, define System property archaius.configurationSource.additionalUrls or make config.properties available on classpath.
2020-07-22 16:55:54.905 logback [main] WARN  c.n.c.sources.URLConfigurationSource - No URLs will be polled as dynamic configuration sources.
2020-07-22 16:55:54.905 logback [main] INFO  c.n.c.sources.URLConfigurationSource - To enable URLs as dynamic configuration sources, define System property archaius.configurationSource.additionalUrls or make config.properties available on classpath.
2020-07-22 16:55:55.151 logback [main] INFO  o.s.s.c.ThreadPoolTaskExecutor - Initializing ExecutorService 'applicationTaskExecutor'
2020-07-22 16:55:55.409 logback [main] INFO  com.zaxxer.hikari.HikariDataSource - HikariPool-1 - Starting...
2020-07-22 16:55:55.603 logback [main] INFO  com.zaxxer.hikari.HikariDataSource - HikariPool-1 - Start completed.
2020-07-22 16:55:56.533 logback [main] WARN  o.s.c.l.c.BlockingLoadBalancerClientAutoConfiguration$BlockingLoadBalancerClientRibbonWarnLogger - You already have RibbonLoadBalancerClient on your classpath. It will be used by default. As Spring Cloud Ribbon is in maintenance mode. We recommend switching to BlockingLoadBalancerClient instead. In order to use it, set the value of `spring.cloud.loadbalancer.ribbon.enabled` to `false` or remove spring-cloud-starter-netflix-ribbon from your project.
2020-07-22 16:55:56.706 logback [main] INFO  o.s.c.n.eureka.InstanceInfoFactory - Setting initial instance status as: STARTING
2020-07-22 16:55:56.748 logback [main] INFO  c.netflix.discovery.DiscoveryClient - Initializing Eureka in region us-east-1
2020-07-22 16:55:57.131 logback [main] INFO  c.n.d.p.DiscoveryJerseyProvider - Using JSON encoding codec LegacyJacksonJson
2020-07-22 16:55:57.131 logback [main] INFO  c.n.d.p.DiscoveryJerseyProvider - Using JSON decoding codec LegacyJacksonJson
2020-07-22 16:55:57.261 logback [main] INFO  c.n.d.p.DiscoveryJerseyProvider - Using XML encoding codec XStreamXml
2020-07-22 16:55:57.261 logback [main] INFO  c.n.d.p.DiscoveryJerseyProvider - Using XML decoding codec XStreamXml
2020-07-22 16:55:57.699 logback [main] INFO  c.n.d.s.r.aws.ConfigClusterResolver - Resolving eureka endpoints via configuration
2020-07-22 16:55:57.911 logback [main] INFO  c.netflix.discovery.DiscoveryClient - Disable delta property : false
2020-07-22 16:55:57.911 logback [main] INFO  c.netflix.discovery.DiscoveryClient - Single vip registry refresh property : null
2020-07-22 16:55:57.911 logback [main] INFO  c.netflix.discovery.DiscoveryClient - Force full registry fetch : false
2020-07-22 16:55:57.911 logback [main] INFO  c.netflix.discovery.DiscoveryClient - Application is null : false
2020-07-22 16:55:57.911 logback [main] INFO  c.netflix.discovery.DiscoveryClient - Registered Applications size is zero : true
2020-07-22 16:55:57.911 logback [main] INFO  c.netflix.discovery.DiscoveryClient - Application version is -1: true
2020-07-22 16:55:57.911 logback [main] INFO  c.netflix.discovery.DiscoveryClient - Getting all instance registry info from the eureka server
2020-07-22 16:55:58.034 logback [main] INFO  c.netflix.discovery.DiscoveryClient - The response status is 200
2020-07-22 16:55:58.037 logback [main] INFO  c.netflix.discovery.DiscoveryClient - Starting heartbeat executor: renew interval is: 30
2020-07-22 16:55:58.040 logback [main] INFO  c.n.discovery.InstanceInfoReplicator - InstanceInfoReplicator onDemand update allowed rate per min is 4
2020-07-22 16:55:58.044 logback [main] INFO  c.netflix.discovery.DiscoveryClient - Discovery Client initialized at timestamp 1595408158043 with initial instances count: 3
2020-07-22 16:55:58.048 logback [main] INFO  o.s.c.n.e.s.EurekaServiceRegistry - Registering application CMS-CORE with eureka with status UP
2020-07-22 16:55:58.049 logback [main] INFO  c.netflix.discovery.DiscoveryClient - Saw local status change event StatusChangeEvent [timestamp=1595408158049, current=UP, previous=STARTING]
2020-07-22 16:55:58.053 logback [DiscoveryClient-InstanceInfoReplicator-0] INFO  c.netflix.discovery.DiscoveryClient - DiscoveryClient_CMS-CORE/DESKTOP-MUMFCTC:cms-core:8765: registering service...
2020-07-22 16:55:58.053 logback [main] INFO  o.a.coyote.http11.Http11NioProtocol - Starting ProtocolHandler ["http-nio-8765"]
2020-07-22 16:55:58.095 logback [DiscoveryClient-InstanceInfoReplicator-0] INFO  c.netflix.discovery.DiscoveryClient - DiscoveryClient_CMS-CORE/DESKTOP-MUMFCTC:cms-core:8765 - registration status: 204
2020-07-22 16:55:58.098 logback [main] INFO  o.s.b.w.e.tomcat.TomcatWebServer - Tomcat started on port(s): 8765 (http) with context path ''
2020-07-22 16:55:58.099 logback [main] INFO  o.s.c.n.e.s.EurekaAutoServiceRegistration - Updating port to 8765
2020-07-22 16:55:58.397 logback [main] INFO  com.zdxj.CmsCoreApplication - Started CmsCoreApplication in 10.103 seconds (JVM running for 11.36)
2020-07-22 17:00:57.914 logback [AsyncResolver-bootstrap-executor-0] INFO  c.n.d.s.r.aws.ConfigClusterResolver - Resolving eureka endpoints via configuration
2020-07-22 17:05:57.918 logback [AsyncResolver-bootstrap-executor-0] INFO  c.n.d.s.r.aws.ConfigClusterResolver - Resolving eureka endpoints via configuration
2020-07-22 17:10:57.920 logback [AsyncResolver-bootstrap-executor-0] INFO  c.n.d.s.r.aws.ConfigClusterResolver - Resolving eureka endpoints via configuration
2020-07-22 17:15:57.933 logback [AsyncResolver-bootstrap-executor-0] INFO  c.n.d.s.r.aws.ConfigClusterResolver - Resolving eureka endpoints via configuration
2020-07-22 17:20:57.935 logback [AsyncResolver-bootstrap-executor-0] INFO  c.n.d.s.r.aws.ConfigClusterResolver - Resolving eureka endpoints via configuration
2020-07-22 17:25:57.936 logback [AsyncResolver-bootstrap-executor-0] INFO  c.n.d.s.r.aws.ConfigClusterResolver - Resolving eureka endpoints via configuration
2020-07-22 17:30:57.960 logback [AsyncResolver-bootstrap-executor-0] INFO  c.n.d.s.r.aws.ConfigClusterResolver - Resolving eureka endpoints via configuration
2020-07-22 17:35:57.967 logback [AsyncResolver-bootstrap-executor-0] INFO  c.n.d.s.r.aws.ConfigClusterResolver - Resolving eureka endpoints via configuration
2020-07-22 17:40:58.302 logback [AsyncResolver-bootstrap-executor-0] INFO  c.n.d.s.r.aws.ConfigClusterResolver - Resolving eureka endpoints via configuration
2020-07-22 17:45:58.312 logback [AsyncResolver-bootstrap-executor-0] INFO  c.n.d.s.r.aws.ConfigClusterResolver - Resolving eureka endpoints via configuration
2020-07-22 17:50:58.313 logback [AsyncResolver-bootstrap-executor-0] INFO  c.n.d.s.r.aws.ConfigClusterResolver - Resolving eureka endpoints via configuration
2020-07-22 17:55:58.318 logback [AsyncResolver-bootstrap-executor-0] INFO  c.n.d.s.r.aws.ConfigClusterResolver - Resolving eureka endpoints via configuration
2020-07-22 18:00:58.336 logback [AsyncResolver-bootstrap-executor-0] INFO  c.n.d.s.r.aws.ConfigClusterResolver - Resolving eureka endpoints via configuration
2020-07-22 18:05:58.342 logback [AsyncResolver-bootstrap-executor-0] INFO  c.n.d.s.r.aws.ConfigClusterResolver - Resolving eureka endpoints via configuration
2020-07-22 18:10:58.344 logback [AsyncResolver-bootstrap-executor-0] INFO  c.n.d.s.r.aws.ConfigClusterResolver - Resolving eureka endpoints via configuration
2020-07-22 18:15:58.362 logback [AsyncResolver-bootstrap-executor-0] INFO  c.n.d.s.r.aws.ConfigClusterResolver - Resolving eureka endpoints via configuration
2020-07-22 18:20:58.370 logback [AsyncResolver-bootstrap-executor-0] INFO  c.n.d.s.r.aws.ConfigClusterResolver - Resolving eureka endpoints via configuration
2020-07-22 18:25:58.378 logback [AsyncResolver-bootstrap-executor-0] INFO  c.n.d.s.r.aws.ConfigClusterResolver - Resolving eureka endpoints via configuration
